<?xml version="1.0" encoding="UTF-8"?>
<beans xmlns="http://www.springframework.org/schema/beans"
       xmlns:xsi="http://www.w3.org/2001/XMLSchema-instance"
       xmlns:context="http://www.springframework.org/schema/context"
       xmlns:mvc="http://www.springframework.org/schema/mvc"
       xmlns:tx="http://www.springframework.org/schema/tx"
       xmlns:jpa="http://www.springframework.org/schema/data/jpa"
       xsi:schemaLocation="http://www.springframework.org/schema/beans 
                           http://www.springframework.org/schema/beans/spring-beans.xsd
                           http://www.springframework.org/schema/context 
                           http://www.springframework.org/schema/context/spring-context.xsd
                           http://www.springframework.org/schema/mvc 
                           http://www.springframework.org/schema/mvc/spring-mvc.xsd
                           http://www.springframework.org/schema/tx 
                           http://www.springframework.org/schema/tx/spring-tx.xsd
                           http://www.springframework.org/schema/data/jpa 
                           http://www.springframework.org/schema/data/jpa/spring-jpa.xsd">

    <!-- Component scanning for controllers -->
    <context:component-scan base-package="com.tricol.suppliers.web"/>

    <!-- Enable MVC configuration -->
    <mvc:annotation-driven/>
    
    <!-- CORS Configuration -->
    <mvc:cors>
        <mvc:mapping path="/**" allowed-methods="GET,POST,PUT,DELETE"/>
    </mvc:cors>

    <!-- JSON Message Converter -->
    <bean class="org.springframework.http.converter.json.MappingJackson2HttpMessageConverter"/>

    <!-- Mock repository for testing -->
    <bean id="fournisseurRepository" class="com.tricol.suppliers.repository.MockFournisseurRepository"/>

    <!-- Service beans -->
    <bean id="fournisseurService" class="com.tricol.suppliers.service.FournisseurService">
        <constructor-arg ref="fournisseurRepository"/>
    </bean>

    <!-- Controller beans -->
    <bean id="fournisseurController" class="com.tricol.suppliers.web.FournisseurController">
        <constructor-arg ref="fournisseurService"/>
    </bean>

</beans>
